<?xml version="1.0" encoding="UTF-8"?>
<testng-results ignored="0" total="1" passed="1" failed="0" skipped="0">
  <reporter-output>
  </reporter-output>
  <suite started-at="2022-11-01T18:22:52 IST" name="Suite" finished-at="2022-11-01T18:23:23 IST" duration-ms="31294">
    <groups>
    </groups>
    <test started-at="2022-11-01T18:22:52 IST" name="Test1" finished-at="2022-11-01T18:23:23 IST" duration-ms="31294">
      <class name="com.commerce.testCases.TC_LoginTest_001">
        <test-method is-config="true" signature="setup(java.lang.String)[pri:0, instance:com.commerce.testCases.TC_LoginTest_001@7ed7259e]" started-at="2022-11-01T18:22:53 IST" name="setup" finished-at="2022-11-01T18:23:04 IST" duration-ms="11425" status="PASS">
          <params>
            <param index="0">
              <value>
                <![CDATA[chrome]]>
              </value>
            </param>
          </params>
          <reporter-output>
          </reporter-output>
        </test-method> <!-- setup -->
        <test-method signature="login()[pri:0, instance:com.commerce.testCases.TC_LoginTest_001@7ed7259e]" started-at="2022-11-01T18:23:04 IST" name="login" finished-at="2022-11-01T18:23:23 IST" duration-ms="18705" status="PASS">
          <reporter-output>
          </reporter-output>
        </test-method> <!-- login -->
        <test-method is-config="true" signature="tearDown()[pri:0, instance:com.commerce.testCases.TC_LoginTest_001@7ed7259e]" started-at="2022-11-01T18:23:23 IST" name="tearDown" finished-at="2022-11-01T18:23:23 IST" duration-ms="348" status="PASS">
          <reporter-output>
          </reporter-output>
        </test-method> <!-- tearDown -->
      </class> <!-- com.commerce.testCases.TC_LoginTest_001 -->
    </test> <!-- Test1 -->
  </suite> <!-- Suite -->
</testng-results>
